Internal Server Error: /popular
Traceback (most recent call last):
  File "/usr/local/lib/python2.7/dist-packages/django/core/handlers/base.py", line 111, in get_response
    response = callback(request, *callback_args, **callback_kwargs)
  File "/usr/local/lib/python2.7/dist-packages/django/contrib/auth/decorators.py", line 20, in _wrapped_view
    return view_func(request, *args, **kwargs)
  File "/home/max/Documents/projects/comm.prod/commProd/views.py", line 139, in search
    render_time = database_time - time.time
TypeError: unsupported operand type(s) for -: 'float' and 'builtin_function_or_method'
Internal Server Error: /popular
Traceback (most recent call last):
  File "/usr/local/lib/python2.7/dist-packages/django/core/handlers/base.py", line 111, in get_response
    response = callback(request, *callback_args, **callback_kwargs)
  File "/usr/local/lib/python2.7/dist-packages/django/contrib/auth/decorators.py", line 20, in _wrapped_view
    return view_func(request, *args, **kwargs)
  File "/home/max/Documents/projects/comm.prod/commProd/views.py", line 139, in search
    render_time = database_time - time.time
TypeError: unsupported operand type(s) for -: 'float' and 'builtin_function_or_method'
Internal Server Error: /popular
Traceback (most recent call last):
  File "/usr/local/lib/python2.7/dist-packages/django/core/handlers/base.py", line 111, in get_response
    response = callback(request, *callback_args, **callback_kwargs)
  File "/usr/local/lib/python2.7/dist-packages/django/contrib/auth/decorators.py", line 20, in _wrapped_view
    return view_func(request, *args, **kwargs)
  File "/home/max/Documents/projects/comm.prod/commProd/views.py", line 139, in search
    render_time = database_time - time.time();
TypeError: unsupported operand type(s) for -: 'float' and 'builtin_function_or_method'
Internal Server Error: /popular
Traceback (most recent call last):
  File "/usr/local/lib/python2.7/dist-packages/django/core/handlers/base.py", line 111, in get_response
    response = callback(request, *callback_args, **callback_kwargs)
  File "/usr/local/lib/python2.7/dist-packages/django/contrib/auth/decorators.py", line 20, in _wrapped_view
    return view_func(request, *args, **kwargs)
  File "/home/max/Documents/projects/comm.prod/commProd/views.py", line 139, in search
    render_time = database_time - time.time();
TypeError: unsupported operand type(s) for -: 'float' and 'builtin_function_or_method'
Internal Server Error: /popular
Traceback (most recent call last):
  File "/usr/local/lib/python2.7/dist-packages/django/core/handlers/base.py", line 111, in get_response
    response = callback(request, *callback_args, **callback_kwargs)
  File "/usr/local/lib/python2.7/dist-packages/django/contrib/auth/decorators.py", line 20, in _wrapped_view
    return view_func(request, *args, **kwargs)
  File "/home/max/Documents/projects/comm.prod/commProd/views.py", line 140, in search
    return HttpResponse( str(database_time - start) + ' ' + str(render_time + ' ' + c), mimetype='application/json')
TypeError: unsupported operand type(s) for +: 'float' and 'str'
Internal Server Error: /popular
Traceback (most recent call last):
  File "/usr/local/lib/python2.7/dist-packages/django/core/handlers/base.py", line 111, in get_response
    response = callback(request, *callback_args, **callback_kwargs)
  File "/usr/local/lib/python2.7/dist-packages/django/contrib/auth/decorators.py", line 20, in _wrapped_view
    return view_func(request, *args, **kwargs)
  File "/home/max/Documents/projects/comm.prod/commProd/views.py", line 140, in search
    return HttpResponse( str(database_time - start) + ' ' + str(render_time + ' ' + c), mimetype='application/json')
TypeError: unsupported operand type(s) for +: 'float' and 'str'
Internal Server Error: /popular
Traceback (most recent call last):
  File "/usr/local/lib/python2.7/dist-packages/django/core/handlers/base.py", line 111, in get_response
    response = callback(request, *callback_args, **callback_kwargs)
  File "/usr/local/lib/python2.7/dist-packages/django/contrib/auth/decorators.py", line 20, in _wrapped_view
    return view_func(request, *args, **kwargs)
  File "/home/max/Documents/projects/comm.prod/commProd/views.py", line 140, in search
    return HttpResponse( str(database_time - start) + ' ' + str(render_time) + ' ' + str(c.query), mimetype='application/json')
AttributeError: 'list' object has no attribute 'query'
Internal Server Error: /popular
Traceback (most recent call last):
  File "/usr/local/lib/python2.7/dist-packages/django/core/handlers/base.py", line 111, in get_response
    response = callback(request, *callback_args, **callback_kwargs)
  File "/usr/local/lib/python2.7/dist-packages/django/contrib/auth/decorators.py", line 20, in _wrapped_view
    return view_func(request, *args, **kwargs)
  File "/home/max/Documents/projects/comm.prod/commProd/views.py", line 140, in search
    return HttpResponse( str(database_time - start) + ' ' + str(render_time) + ' ' + str(c.query), mimetype='application/json')
AttributeError: 'list' object has no attribute 'query'
Internal Server Error: /popular
Traceback (most recent call last):
  File "/usr/local/lib/python2.7/dist-packages/django/core/handlers/base.py", line 111, in get_response
    response = callback(request, *callback_args, **callback_kwargs)
  File "/usr/local/lib/python2.7/dist-packages/django/contrib/auth/decorators.py", line 20, in _wrapped_view
    return view_func(request, *args, **kwargs)
  File "/home/max/Documents/projects/comm.prod/commProd/views.py", line 142, in search
    html +=  '<li>' + x + '</li>'
TypeError: cannot concatenate 'str' and 'CommProd' objects
